<?xml version="1.0" encoding="UTF-8"?>
<!-- Generated by org.testng.reporters.JUnitXMLReporter -->
<testsuite ignored="0" hostname="LAPTOP-58IR3VEO" failures="0" tests="5" name="Test" time="0.044" errors="0" timestamp="2022-03-23T01:10:48 EDT">
  <testcase classname="Test.Testmvn.MobileTest" name="Android" time="0.006"/>
  <testcase classname="Test.Testmvn.MobileTest" name="IOS" time="0.001"/>
  <testcase classname="Test.Testmvn.SeleniumTest" name="LogOut" time="0.001"/>
  <testcase classname="Test.Testmvn.SeleniumTest" name="Login" time="0.001"/>
  <testcase classname="Test.Testmvn.RestAPITest" name="GetAllStudents" time="0.0"/>
</testsuite> <!-- Test -->
